{"/Users/nghiatran/Documents/work/proxyman/atlantis/atlantis-react-native/src/index.ts": {"path":"/Users/nghiatran/Documents/work/proxyman/atlantis/atlantis-react-native/src/index.ts","statementMap":{"0":{"start":{"line":4,"column":2},"end":{"line":7,"column":33}},"1":{"start":{"line":9,"column":23},"end":{"line":18,"column":5}},"2":{"start":{"line":15,"column":10},"end":{"line":15,"column":41}},"3":{"start":{"line":32,"column":2},"end":{"line":32,"column":41}},"4":{"start":{"line":41,"column":2},"end":{"line":41,"column":24}},"5":{"start":{"line":50,"column":2},"end":{"line":50,"column":36}}},"fnMap":{"0":{"name":"(anonymous_0)","decl":{"start":{"line":14,"column":8},"end":{"line":14,"column":9}},"loc":{"start":{"line":14,"column":14},"end":{"line":16,"column":9}},"line":14},"1":{"name":"start","decl":{"start":{"line":31,"column":16},"end":{"line":31,"column":21}},"loc":{"start":{"line":31,"column":47},"end":{"line":33,"column":1}},"line":31},"2":{"name":"stop","decl":{"start":{"line":40,"column":16},"end":{"line":40,"column":20}},"loc":{"start":{"line":40,"column":29},"end":{"line":42,"column":1}},"line":40},"3":{"name":"isRunning","decl":{"start":{"line":49,"column":16},"end":{"line":49,"column":25}},"loc":{"start":{"line":49,"column":46},"end":{"line":51,"column":1}},"line":49}},"branchMap":{"0":{"loc":{"start":{"line":9,"column":23},"end":{"line":18,"column":5}},"type":"cond-expr","locations":[{"start":{"line":10,"column":4},"end":{"line":10,"column":37}},{"start":{"line":11,"column":4},"end":{"line":18,"column":5}}],"line":9},"1":{"loc":{"start":{"line":32,"column":23},"end":{"line":32,"column":39}},"type":"binary-expr","locations":[{"start":{"line":32,"column":23},"end":{"line":32,"column":31}},{"start":{"line":32,"column":35},"end":{"line":32,"column":39}}],"line":32}},"s":{"0":2,"1":2,"2":1,"3":5,"4":1,"5":3},"f":{"0":1,"1":5,"2":1,"3":3},"b":{"0":[1,1],"1":[4,2]},"_coverageSchema":"1a1c01bbd47fc00a2c39e90264f33305004495a9","hash":"8136d00ead039490a6b8e5505530e972b77bbfe4"}
}
